mode: set
learn_go_ccmouse/11_map例题/11_map例题.go:11.42,15.24 1 0
learn_go_ccmouse/11_map例题/11_map例题.go:19.2,23.31 3 0
learn_go_ccmouse/11_map例题/11_map例题.go:33.2,33.18 1 0
learn_go_ccmouse/11_map例题/11_map例题.go:15.24,17.3 1 0
learn_go_ccmouse/11_map例题/11_map例题.go:23.31,24.57 1 0
learn_go_ccmouse/11_map例题/11_map例题.go:27.3,27.32 1 0
learn_go_ccmouse/11_map例题/11_map例题.go:30.3,30.17 1 0
learn_go_ccmouse/11_map例题/11_map例题.go:24.57,26.4 1 0
learn_go_ccmouse/11_map例题/11_map例题.go:27.32,29.4 1 0
learn_go_ccmouse/11_map例题/11_map例题.go:36.42,39.24 1 1
learn_go_ccmouse/11_map例题/11_map例题.go:43.2,47.31 3 1
learn_go_ccmouse/11_map例题/11_map例题.go:57.2,57.18 1 1
learn_go_ccmouse/11_map例题/11_map例题.go:39.24,41.3 1 1
learn_go_ccmouse/11_map例题/11_map例题.go:47.31,48.57 1 1
learn_go_ccmouse/11_map例题/11_map例题.go:51.3,51.32 1 1
learn_go_ccmouse/11_map例题/11_map例题.go:54.3,54.17 1 1
learn_go_ccmouse/11_map例题/11_map例题.go:48.57,50.4 1 1
learn_go_ccmouse/11_map例题/11_map例题.go:51.32,53.4 1 1
learn_go_ccmouse/11_map例题/11_map例题.go:60.13,70.2 9 0
